This file contains any messages produced by compilers while
running configure, to aid debugging if configure makes a mistake.

It was created by FriBidiXeTeX configure 0.0.2, which was
generated by GNU Autoconf 2.69.  Invocation command line was

  $ ./configure 

## --------- ##
## Platform. ##
## --------- ##

hostname = host-194-47-142-87.eduroam.bth.se
uname -m = x86_64
uname -r = 16.3.0
uname -s = Darwin
uname -v = Darwin Kernel Version 16.3.0: Thu Nov 17 20:23:58 PST 2016; root:xnu-3789.31.2~1/RELEASE_X86_64

/usr/bin/uname -p = i386
/bin/uname -X     = unknown

/bin/arch              = unknown
/usr/bin/arch -k       = unknown
/usr/convex/getsysinfo = unknown
/usr/bin/hostinfo      = Mach kernel version:
	 Darwin Kernel Version 16.3.0: Thu Nov 17 20:23:58 PST 2016; root:xnu-3789.31.2~1/RELEASE_X86_64
Kernel configured for up to 4 processors.
2 processors are physically available.
4 processors are logically available.
Processor type: x86_64h (Intel x86-64h Haswell)
Processors active: 0 1 2 3
Primary memory available: 8.00 gigabytes
Default processor set: 333 tasks, 1999 threads, 4 processors
Load average: 2.83, Mach factor: 1.16
/bin/machine           = unknown
/usr/bin/oslevel       = unknown
/bin/universe          = unknown

PATH: /Users/sei/.rvm/gems/ruby-2.2.2/bin
PATH: /Users/sei/.rvm/gems/ruby-2.2.2@global/bin
PATH: /Users/sei/.rvm/rubies/ruby-2.2.2/bin
PATH: /usr/local/heroku/bin
PATH: /Library/TeX/texbin
PATH: /usr/local/sbin
PATH: /opt/local/bin
PATH: /opt/local/sbin
PATH: /usr/local/bin
PATH: /usr/bin
PATH: /bin
PATH: /usr/sbin
PATH: /sbin
PATH: /opt/X11/bin
PATH: /usr/local/git/bin
PATH: /usr/texbin
PATH: /usr/lib
PATH: /Users/sei/.rvm/bin


## ----------- ##
## Core tests. ##
## ----------- ##

configure:1855: checking for a BSD-compatible install
configure:1923: result: /usr/bin/install -c
configure:1934: checking whether build environment is sane
configure:1989: result: yes
configure:2140: checking for a thread-safe mkdir -p
configure:2179: result: ./install-sh -c -d
configure:2186: checking for gawk
configure:2216: result: no
configure:2186: checking for mawk
configure:2216: result: no
configure:2186: checking for nawk
configure:2216: result: no
configure:2186: checking for awk
configure:2202: found /usr/bin/awk
configure:2213: result: awk
configure:2224: checking whether make sets $(MAKE)
configure:2246: result: yes
configure:2275: checking whether make supports nested variables
configure:2292: result: yes
configure:2429: checking whether make supports nested variables
configure:2446: result: yes
configure:2506: checking for gcc
configure:2522: found /usr/bin/gcc
configure:2533: result: gcc
configure:2762: checking for C compiler version
configure:2771: gcc --version >&5
Apple LLVM version 8.0.0 (clang-800.0.42.1)
Target: x86_64-apple-darwin16.3.0
Thread model: posix
InstalledDir: /Applications/Xcode.app/Contents/Developer/Toolchains/XcodeDefault.xctoolchain/usr/bin
Configured with: --prefix=/Applications/Xcode.app/Contents/Developer/usr --with-gxx-include-dir=/usr/include/c++/4.2.1
configure:2782: $? = 0
configure:2771: gcc -v >&5
Configured with: --prefix=/Applications/Xcode.app/Contents/Developer/usr --with-gxx-include-dir=/usr/include/c++/4.2.1
Apple LLVM version 8.0.0 (clang-800.0.42.1)
Target: x86_64-apple-darwin16.3.0
Thread model: posix
InstalledDir: /Applications/Xcode.app/Contents/Developer/Toolchains/XcodeDefault.xctoolchain/usr/bin
configure:2782: $? = 0
configure:2771: gcc -V >&5
clang: error: argument to '-V' is missing (expected 1 value)
clang: error: no input files
configure:2782: $? = 1
configure:2771: gcc -qversion >&5
clang: error: unknown argument: '-qversion'
clang: error: no input files
configure:2782: $? = 1
configure:2802: checking whether the C compiler works
configure:2824: gcc    conftest.c  >&5
configure:2828: $? = 0
configure:2876: result: yes
configure:2879: checking for C compiler default output file name
configure:2881: result: a.out
configure:2887: checking for suffix of executables
configure:2894: gcc -o conftest    conftest.c  >&5
configure:2898: $? = 0
configure:2920: result: 
configure:2942: checking whether we are cross compiling
configure:2950: gcc -o conftest    conftest.c  >&5
configure:2954: $? = 0
configure:2961: ./conftest
configure:2965: $? = 0
configure:2980: result: no
configure:2985: checking for suffix of object files
configure:3007: gcc -c   conftest.c >&5
configure:3011: $? = 0
configure:3032: result: o
configure:3036: checking whether we are using the GNU C compiler
configure:3055: gcc -c   conftest.c >&5
configure:3055: $? = 0
configure:3064: result: yes
configure:3073: checking whether gcc accepts -g
configure:3093: gcc -c -g  conftest.c >&5
configure:3093: $? = 0
configure:3134: result: yes
configure:3151: checking for gcc option to accept ISO C89
configure:3214: gcc  -c -g -O2  conftest.c >&5
configure:3214: $? = 0
configure:3227: result: none needed
configure:3252: checking whether gcc understands -c and -o together
configure:3274: gcc -c conftest.c -o conftest2.o
configure:3277: $? = 0
configure:3274: gcc -c conftest.c -o conftest2.o
configure:3277: $? = 0
configure:3289: result: yes
configure:3317: checking for style of include used by make
configure:3345: result: GNU
configure:3371: checking dependency style of gcc
configure:3482: result: gcc3
configure:3540: checking for ranlib
configure:3556: found /usr/bin/ranlib
configure:3567: result: ranlib
configure:3643: checking for pkg-config
configure:3661: found /usr/local/bin/pkg-config
configure:3673: result: /usr/local/bin/pkg-config
configure:3698: checking pkg-config is at least version 0.20
configure:3701: result: yes
configure:3712: checking for FRIBIDI
configure:3719: $PKG_CONFIG --exists --print-errors "fribidi"
configure:3722: $? = 0
configure:3736: $PKG_CONFIG --exists --print-errors "fribidi"
configure:3739: $? = 0
configure:3777: result: yes
configure:3930: checking that generated files are newer than configure
configure:3936: result: done
configure:3959: creating ./config.status

## ---------------------- ##
## Running config.status. ##
## ---------------------- ##

This file was extended by FriBidiXeTeX config.status 0.0.2, which was
generated by GNU Autoconf 2.69.  Invocation command line was

  CONFIG_FILES    = 
  CONFIG_HEADERS  = 
  CONFIG_LINKS    = 
  CONFIG_COMMANDS = 
  $ ./config.status 

on host-194-47-142-87.eduroam.bth.se

config.status:781: creating Makefile
config.status:953: executing depfiles commands

## ---------------- ##
## Cache variables. ##
## ---------------- ##

ac_cv_c_compiler_gnu=yes
ac_cv_env_CC_set=
ac_cv_env_CC_value=
ac_cv_env_CFLAGS_set=
ac_cv_env_CFLAGS_value=
ac_cv_env_CPPFLAGS_set=
ac_cv_env_CPPFLAGS_value=
ac_cv_env_FRIBIDI_CFLAGS_set=
ac_cv_env_FRIBIDI_CFLAGS_value=
ac_cv_env_FRIBIDI_LIBS_set=
ac_cv_env_FRIBIDI_LIBS_value=
ac_cv_env_LDFLAGS_set=
ac_cv_env_LDFLAGS_value=
ac_cv_env_LIBS_set=
ac_cv_env_LIBS_value=
ac_cv_env_PKG_CONFIG_LIBDIR_set=
ac_cv_env_PKG_CONFIG_LIBDIR_value=
ac_cv_env_PKG_CONFIG_PATH_set=
ac_cv_env_PKG_CONFIG_PATH_value=
ac_cv_env_PKG_CONFIG_set=
ac_cv_env_PKG_CONFIG_value=
ac_cv_env_build_alias_set=
ac_cv_env_build_alias_value=
ac_cv_env_host_alias_set=
ac_cv_env_host_alias_value=
ac_cv_env_target_alias_set=
ac_cv_env_target_alias_value=
ac_cv_objext=o
ac_cv_path_ac_pt_PKG_CONFIG=/usr/local/bin/pkg-config
ac_cv_path_install='/usr/bin/install -c'
ac_cv_prog_AWK=awk
ac_cv_prog_ac_ct_CC=gcc
ac_cv_prog_ac_ct_RANLIB=ranlib
ac_cv_prog_cc_c89=
ac_cv_prog_cc_g=yes
ac_cv_prog_make_make_set=yes
am_cv_CC_dependencies_compiler_type=gcc3
am_cv_make_support_nested_variables=yes
am_cv_prog_cc_c_o=yes
pkg_cv_FRIBIDI_CFLAGS='-I/usr/local/Cellar/fribidi/0.19.7_1/include/fribidi -I/usr/local/Cellar/glib/2.50.2/include/glib-2.0 -I/usr/local/Cellar/glib/2.50.2/lib/glib-2.0/include -I/usr/local/opt/gettext/include -I/usr/local/Cellar/pcre/8.39/include'
pkg_cv_FRIBIDI_LIBS='-L/usr/local/Cellar/fribidi/0.19.7_1/lib -L/usr/local/Cellar/glib/2.50.2/lib -L/usr/local/opt/gettext/lib -lfribidi -lglib-2.0 -lintl'

## ----------------- ##
## Output variables. ##
## ----------------- ##

ACLOCAL='${SHELL} /Users/sei/Downloads/fribidixetex/missing aclocal-1.15'
AMDEPBACKSLASH='\'
AMDEP_FALSE='#'
AMDEP_TRUE=''
AMTAR='$${TAR-tar}'
AM_BACKSLASH='\'
AM_DEFAULT_V='$(AM_DEFAULT_VERBOSITY)'
AM_DEFAULT_VERBOSITY='0'
AM_V='$(V)'
AUTOCONF='${SHELL} /Users/sei/Downloads/fribidixetex/missing autoconf'
AUTOHEADER='${SHELL} /Users/sei/Downloads/fribidixetex/missing autoheader'
AUTOMAKE='${SHELL} /Users/sei/Downloads/fribidixetex/missing automake-1.15'
AWK='awk'
CC='gcc'
CCDEPMODE='depmode=gcc3'
CFLAGS='-g -O2'
CPPFLAGS=''
CYGPATH_W='echo'
DEFS='-DPACKAGE_NAME=\"FriBidiXeTeX\" -DPACKAGE_TARNAME=\"fribidixetex\" -DPACKAGE_VERSION=\"0.0.2\" -DPACKAGE_STRING=\"FriBidiXeTeX\ 0.0.2\" -DPACKAGE_BUGREPORT=\"https://github.com/vafa/fribidixetex/issues\" -DPACKAGE_URL=\"https://github.com/vafa/fribidixetex\" -DPACKAGE=\"fribidixetex\" -DVERSION=\"0.0.2\"'
DEPDIR='.deps'
ECHO_C='\c'
ECHO_N=''
ECHO_T=''
EXEEXT=''
FRIBIDI_CFLAGS='-I/usr/local/Cellar/fribidi/0.19.7_1/include/fribidi -I/usr/local/Cellar/glib/2.50.2/include/glib-2.0 -I/usr/local/Cellar/glib/2.50.2/lib/glib-2.0/include -I/usr/local/opt/gettext/include -I/usr/local/Cellar/pcre/8.39/include'
FRIBIDI_LIBS='-L/usr/local/Cellar/fribidi/0.19.7_1/lib -L/usr/local/Cellar/glib/2.50.2/lib -L/usr/local/opt/gettext/lib -lfribidi -lglib-2.0 -lintl'
INSTALL_DATA='${INSTALL} -m 644'
INSTALL_PROGRAM='${INSTALL}'
INSTALL_SCRIPT='${INSTALL}'
INSTALL_STRIP_PROGRAM='$(install_sh) -c -s'
LDFLAGS=''
LIBOBJS=''
LIBS=''
LTLIBOBJS=''
MAKEINFO='${SHELL} /Users/sei/Downloads/fribidixetex/missing makeinfo'
MKDIR_P='./install-sh -c -d'
OBJEXT='o'
PACKAGE='fribidixetex'
PACKAGE_BUGREPORT='https://github.com/vafa/fribidixetex/issues'
PACKAGE_NAME='FriBidiXeTeX'
PACKAGE_STRING='FriBidiXeTeX 0.0.2'
PACKAGE_TARNAME='fribidixetex'
PACKAGE_URL='https://github.com/vafa/fribidixetex'
PACKAGE_VERSION='0.0.2'
PATH_SEPARATOR=':'
PKG_CONFIG='/usr/local/bin/pkg-config'
PKG_CONFIG_LIBDIR=''
PKG_CONFIG_PATH=''
RANLIB='ranlib'
SET_MAKE=''
SHELL='/bin/sh'
STRIP=''
VERSION='0.0.2'
ac_ct_CC='gcc'
am__EXEEXT_FALSE=''
am__EXEEXT_TRUE='#'
am__fastdepCC_FALSE='#'
am__fastdepCC_TRUE=''
am__include='include'
am__isrc=''
am__leading_dot='.'
am__nodep='_no'
am__quote=''
am__tar='$${TAR-tar} chof - "$$tardir"'
am__untar='$${TAR-tar} xf -'
bindir='${exec_prefix}/bin'
build_alias=''
datadir='${datarootdir}'
datarootdir='${prefix}/share'
docdir='${datarootdir}/doc/${PACKAGE_TARNAME}'
dvidir='${docdir}'
exec_prefix='${prefix}'
host_alias=''
htmldir='${docdir}'
includedir='${prefix}/include'
infodir='${datarootdir}/info'
install_sh='${SHELL} /Users/sei/Downloads/fribidixetex/install-sh'
libdir='${exec_prefix}/lib'
libexecdir='${exec_prefix}/libexec'
localedir='${datarootdir}/locale'
localstatedir='${prefix}/var'
mandir='${datarootdir}/man'
mkdir_p='$(MKDIR_P)'
oldincludedir='/usr/include'
pdfdir='${docdir}'
prefix='/usr/local'
program_transform_name='s,x,x,'
psdir='${docdir}'
sbindir='${exec_prefix}/sbin'
sharedstatedir='${prefix}/com'
sysconfdir='${prefix}/etc'
target_alias=''

## ----------- ##
## confdefs.h. ##
## ----------- ##

/* confdefs.h */
#define PACKAGE_NAME "FriBidiXeTeX"
#define PACKAGE_TARNAME "fribidixetex"
#define PACKAGE_VERSION "0.0.2"
#define PACKAGE_STRING "FriBidiXeTeX 0.0.2"
#define PACKAGE_BUGREPORT "https://github.com/vafa/fribidixetex/issues"
#define PACKAGE_URL "https://github.com/vafa/fribidixetex"
#define PACKAGE "fribidixetex"
#define VERSION "0.0.2"

configure: exit 0
